Build started 06/07/2016 23:07:13.
     1>Project "C:\Users\phgm\Documents\UFRPE\Visao\facial-feature-detection\facial_feature_detection.vcxproj" on node 2 (Build target(s)).
     1>ClCompile:
         C:\Program Files (x86)\Microsoft Visual Studio 12.0\VC\bin\x86_amd64\CL.exe /c /I../opencv/build/include/ /Zi /nologo /W3 /WX- /Od /D WIN32 /D _DEBUG /D _CONSOLE /D _LIB /D _UNICODE /D UNICODE /Gm /EHsc /RTC1 /MDd /GS /fp:precise /Zc:wchar_t /Zc:forScope /Fo"x64\Debug\\" /Fd"x64\Debug\vc120.pdb" /Gd /TP /errorReport:prompt main.cpp
         main.cpp
     1>main.cpp(75): warning C4244: 'argument' : conversion from 'double' to 'int', possible loss of data
     1>main.cpp(77): warning C4244: 'argument' : conversion from 'double' to 'int', possible loss of data
     1>main.cpp(101): warning C4305: 'initializing' : truncation from 'double' to 'float'
     1>main.cpp(112): warning C4244: 'initializing' : conversion from 'double' to 'int', possible loss of data
     1>main.cpp(113): warning C4244: 'initializing' : conversion from 'double' to 'int', possible loss of data
     1>main.cpp(115): warning C4305: 'initializing' : truncation from 'double' to 'float'
     1>main.cpp(119): warning C4244: '=' : conversion from 'float' to 'int', possible loss of data
     1>main.cpp(154): warning C4244: 'initializing' : conversion from 'double' to 'int', possible loss of data
     1>main.cpp(182): warning C4244: 'initializing' : conversion from 'float' to 'int', possible loss of data
     1>main.cpp(185): warning C4267: 'initializing' : conversion from 'size_t' to 'int', possible loss of data
     1>main.cpp(189): warning C4244: 'initializing' : conversion from 'double' to 'int', possible loss of data
     1>main.cpp(192): warning C4244: 'initializing' : conversion from 'double' to 'int', possible loss of data
     1>main.cpp(197): warning C4244: 'argument' : conversion from 'const double' to 'int', possible loss of data
     1>main.cpp(200): warning C4244: '=' : conversion from 'const double' to 'int', possible loss of data
     1>main.cpp(202): warning C4244: '=' : conversion from 'const double' to 'int', possible loss of data
       Link:
         C:\Program Files (x86)\Microsoft Visual Studio 12.0\VC\bin\x86_amd64\link.exe /ERRORREPORT:PROMPT /OUT:"C:\Users\phgm\Documents\UFRPE\Visao\facial-feature-detection\x64\Debug\facial_feature_detection.exe" /INCREMENTAL /NOLOGO ../opencv/build/x64/vc14/lib/opencv_world310d.lib kernel32.lib user32.lib gdi32.lib winspool.lib comdlg32.lib advapi32.lib shell32.lib ole32.lib oleaut32.lib uuid.lib odbc32.lib odbccp32.lib /MANIFEST /MANIFESTUAC:"level='asInvoker' uiAccess='false'" /manifest:embed /DEBUG /PDB:"C:\Users\phgm\Documents\UFRPE\Visao\facial-feature-detection\x64\Debug\facial_feature_detection.pdb" /SUBSYSTEM:CONSOLE /TLBID:1 /DYNAMICBASE /NXCOMPAT /IMPLIB:"C:\Users\phgm\Documents\UFRPE\Visao\facial-feature-detection\x64\Debug\facial_feature_detection.lib" /MACHINE:X64 x64\Debug\main.obj
         facial_feature_detection.vcxproj -> C:\Users\phgm\Documents\UFRPE\Visao\facial-feature-detection\x64\Debug\facial_feature_detection.exe
     1>Done Building Project "C:\Users\phgm\Documents\UFRPE\Visao\facial-feature-detection\facial_feature_detection.vcxproj" (Build target(s)).

Build succeeded.

Time Elapsed 00:00:01.73
